  Main.cpp
C:\Unity\Projects\GrakhRenderer\GrakhRenderer\GrakhRenderer\Main.cpp(24,19): warning C4244: инициализация: преобразование "int" в "float", возможна потеря данных
C:\Unity\Projects\GrakhRenderer\GrakhRenderer\GrakhRenderer\Main.cpp(99,82): warning C4244: аргумент: преобразование "T" в "T", возможна потеря данных
          with
          [
              T=int
          ]
          and
          [
              T=float
          ]
C:\Unity\Projects\GrakhRenderer\GrakhRenderer\GrakhRenderer\Main.cpp(99,55): warning C4244: аргумент: преобразование "T" в "T", возможна потеря данных
          with
          [
              T=int
          ]
          and
          [
              T=float
          ]
C:\Unity\Projects\GrakhRenderer\GrakhRenderer\GrakhRenderer\Main.cpp(99,28): warning C4244: аргумент: преобразование "T" в "T", возможна потеря данных
          with
          [
              T=int
          ]
          and
          [
              T=float
          ]
C:\Unity\Projects\GrakhRenderer\GrakhRenderer\GrakhRenderer\Main.cpp(100,82): warning C4244: аргумент: преобразование "T" в "T", возможна потеря данных
          with
          [
              T=int
          ]
          and
          [
              T=float
          ]
C:\Unity\Projects\GrakhRenderer\GrakhRenderer\GrakhRenderer\Main.cpp(100,55): warning C4244: аргумент: преобразование "T" в "T", возможна потеря данных
          with
          [
              T=int
          ]
          and
          [
              T=float
          ]
C:\Unity\Projects\GrakhRenderer\GrakhRenderer\GrakhRenderer\Main.cpp(100,28): warning C4244: аргумент: преобразование "T" в "T", возможна потеря данных
          with
          [
              T=int
          ]
          and
          [
              T=float
          ]
C:\Unity\Projects\GrakhRenderer\GrakhRenderer\GrakhRenderer\Main.cpp(106,6): warning C4244: аргумент: преобразование "double" в "T", возможна потеря данных
          with
          [
              T=float
          ]
C:\Unity\Projects\GrakhRenderer\GrakhRenderer\GrakhRenderer\Main.cpp(185,91): warning C4244: аргумент: преобразование "T" в "T", возможна потеря данных
          with
          [
              T=float
          ]
          and
          [
              T=int
          ]
C:\Unity\Projects\GrakhRenderer\GrakhRenderer\GrakhRenderer\Main.cpp(184,91): warning C4244: аргумент: преобразование "T" в "T", возможна потеря данных
          with
          [
              T=float
          ]
          and
          [
              T=int
          ]
C:\Unity\Projects\GrakhRenderer\GrakhRenderer\GrakhRenderer\Main.cpp(230,74): warning C4244: аргумент: преобразование "double" в "T", возможна потеря данных
          with
          [
              T=int
          ]
C:\Unity\Projects\GrakhRenderer\GrakhRenderer\GrakhRenderer\Main.cpp(230,44): warning C4244: аргумент: преобразование "double" в "T", возможна потеря данных
          with
          [
              T=int
          ]
C:\Unity\Projects\GrakhRenderer\GrakhRenderer\GrakhRenderer\Main.cpp(234,47): warning C4244: аргумент: преобразование "T" в "T", возможна потеря данных
          with
          [
              T=float
          ]
          and
          [
              T=int
          ]
C:\Unity\Projects\GrakhRenderer\GrakhRenderer\GrakhRenderer\Main.cpp(234,29): warning C4244: аргумент: преобразование "T" в "T", возможна потеря данных
          with
          [
              T=float
          ]
          and
          [
              T=int
          ]
C:\Unity\Projects\GrakhRenderer\GrakhRenderer\GrakhRenderer\Main.cpp(270,33): warning C4244: =: преобразование "double" в "float", возможна потеря данных
C:\Unity\Projects\GrakhRenderer\GrakhRenderer\GrakhRenderer\geometry.h(15,75): warning C4244: аргумент: преобразование "float" в "T", возможна потеря данных
          with
          [
              T=int
          ]
C:\Unity\Projects\GrakhRenderer\GrakhRenderer\GrakhRenderer\geometry.h(15): message : во время компиляции функции-члена класс шаблон "Vector2<int> Vector2<int>::operator *(float) const"
C:\Unity\Projects\GrakhRenderer\GrakhRenderer\GrakhRenderer\Main.cpp(73): message : выполняется компиляция ссылки на экземпляр шаблон функции "Vector2<int> Vector2<int>::operator *(float) const"
C:\Unity\Projects\GrakhRenderer\GrakhRenderer\GrakhRenderer\Main.cpp(52): message : выполняется компиляция ссылки на экземпляр класс шаблон функции "Vector2<int>"
C:\Unity\Projects\GrakhRenderer\GrakhRenderer\GrakhRenderer\geometry.h(15,68): warning C4244: аргумент: преобразование "float" в "T", возможна потеря данных
          with
          [
              T=int
          ]
  GrakhRenderer.vcxproj -> C:\Unity\Projects\GrakhRenderer\GrakhRenderer\Debug\GrakhRenderer.exe
